<?xml version="1.0" encoding="UTF-8"?>
<!-- Generated by org.testng.reporters.JUnitXMLReporter -->
<testsuite ignored="0" hostname="DESKTOP-4L121G8" failures="1" tests="3" name="errorvalidationtest" time="14.967" errors="0" timestamp="2024-09-26T17:11:32 IST">
  <testcase classname="rahulshetty.Test.errorvalidation" name="loginerrormsg" time="0.54">
    <skipped/>
  </testcase> <!-- loginerrormsg -->
  <testcase classname="rahulshetty.Test.errorvalidation" name="loginerrormsg" time="0.477">
    <failure type="java.lang.AssertionError" message="expected [Incorrect email  password.] but found [Incorrect email or password.]">
      <![CDATA[java.lang.AssertionError: expected [Incorrect email  password.] but found [Incorrect email or password.]
at rahulshetty.Test.errorvalidation.loginerrormsg(errorvalidation.java:35)
at java.base/java.util.ArrayList.forEach(ArrayList.java:1541)
at java.base/java.util.concurrent.FutureTask.run(FutureTask.java:264)
at java.base/java.util.concurrent.ThreadPoolExecutor.runWorker(ThreadPoolExecutor.java:1128)
at java.base/java.util.concurrent.ThreadPoolExecutor$Worker.run(ThreadPoolExecutor.java:628)
at java.base/java.lang.Thread.run(Thread.java:834)
... Removed 24 stack frames]]>
    </failure>
  </testcase> <!-- loginerrormsg -->
  <testcase classname="rahulshetty.Test.errorvalidation" name="producterrorvalidation" time="3.946"/>
</testsuite> <!-- errorvalidationtest -->
