<?xml version="1.0" encoding="UTF-8"?>
<!-- Generated by org.testng.reporters.JUnitXMLReporter -->
<testsuite ignored="0" hostname="DESKTOP-4L121G8" failures="0" tests="3" name="submitordertest" time="23.328" errors="0" timestamp="2024-09-26T17:11:39 IST">
  <testcase classname="rahulshetty.Test.standalonetest2" name="submitorder" time="6.995"/>
  <testcase classname="rahulshetty.Test.standalonetest2" name="submitorder" time="7.121"/>
  <testcase classname="rahulshetty.Test.standalonetest2" name="orderhistorytest" time="0.751"/>
</testsuite> <!-- submitordertest -->
